WSDL URL: http://localhost:6902/ws/people?wsdl

<?xml version='1.0' encoding='UTF-8'?><!-- Published by JAX-WS RI (http://jax-ws.java.net). RI's version is JAX-WS RI 2.3.0 svn-revision#3528ea595bd29309f69172d231bbce272d21035c. --><!-- Generated by JAX-WS RI (http://javaee.github.io/metro-jax-ws). RI's version is JAX-WS RI 2.3.0 svn-revision#3528ea595bd29309f69172d231bbce272d21035c. --><definitions xmlns:wsu="http://docs.oasis-open.org/wss/2004/01/oasis-200401-wss-wssecurity-utility-1.0.xsd" xmlns:wsp="http://www.w3.org/ns/ws-policy" xmlns:wsp1_2="http://schemas.xmlsoap.org/ws/2004/09/policy" xmlns:wsam="http://www.w3.org/2007/05/addressing/metadata" xmlns:soap="http://schemas.xmlsoap.org/wsdl/soap/" xmlns:tns="http://ws.soap.assignment3.introsde/" xmlns:xsd="http://www.w3.org/2001/XMLSchema" xmlns="http://schemas.xmlsoap.org/wsdl/" targetNamespace="http://ws.soap.assignment3.introsde/" name="PeopleService">
<types>
<xsd:schema>
<xsd:import namespace="http://ws.soap.assignment3.introsde/" schemaLocation="http://localhost:6902/ws/people?xsd=1"/>
</xsd:schema>
</types>
<message name="updatePerson">
<part name="parameters" element="tns:updatePerson"/>
</message>
<message name="updatePersonResponse">
<part name="parameters" element="tns:updatePersonResponse"/>
</message>
<message name="readPerson">
<part name="parameters" element="tns:readPerson"/>
</message>
<message name="readPersonResponse">
<part name="parameters" element="tns:readPersonResponse"/>
</message>
<message name="createPerson">
<part name="parameters" element="tns:createPerson"/>
</message>
<message name="createPersonResponse">
<part name="parameters" element="tns:createPersonResponse"/>
</message>
<message name="readPersonList">
<part name="parameters" element="tns:readPersonList"/>
</message>
<message name="readPersonListResponse">
<part name="parameters" element="tns:readPersonListResponse"/>
</message>
<message name="readPreferences">
<part name="parameters" element="tns:readPreferences"/>
</message>
<message name="readPreferencesResponse">
<part name="parameters" element="tns:readPreferencesResponse"/>
</message>
<message name="deletePerson">
<part name="parameters" element="tns:deletePerson"/>
</message>
<message name="deletePersonResponse">
<part name="parameters" element="tns:deletePersonResponse"/>
</message>
<message name="readPersonPreferences">
<part name="parameters" element="tns:readPersonPreferences"/>
</message>
<message name="readPersonPreferencesResponse">
<part name="parameters" element="tns:readPersonPreferencesResponse"/>
</message>
<message name="savePersonPreferences">
<part name="parameters" element="tns:savePersonPreferences"/>
</message>
<message name="savePersonPreferencesResponse">
<part name="parameters" element="tns:savePersonPreferencesResponse"/>
</message>
<message name="readPersonPreferences2">
<part name="parameters" element="tns:readPersonPreferences2"/>
</message>
<message name="readPersonPreferences2Response">
<part name="parameters" element="tns:readPersonPreferences2Response"/>
</message>
<message name="evaluatePersonPreferences">
<part name="parameters" element="tns:evaluatePersonPreferences"/>
</message>
<message name="evaluatePersonPreferencesResponse">
<part name="parameters" element="tns:evaluatePersonPreferencesResponse"/>
</message>
<message name="updatePersonPreferences">
<part name="parameters" element="tns:updatePersonPreferences"/>
</message>
<message name="updatePersonPreferencesResponse">
<part name="parameters" element="tns:updatePersonPreferencesResponse"/>
</message>
<message name="getBestPersonPreferences">
<part name="parameters" element="tns:getBestPersonPreferences"/>
</message>
<message name="getBestPersonPreferencesResponse">
<part name="parameters" element="tns:getBestPersonPreferencesResponse"/>
</message>
<portType name="People">
<operation name="updatePerson">
<input wsam:Action="http://ws.soap.assignment3.introsde/People/updatePersonRequest" message="tns:updatePerson"/>
<output wsam:Action="http://ws.soap.assignment3.introsde/People/updatePersonResponse" message="tns:updatePersonResponse"/>
</operation>
<operation name="readPerson">
<input wsam:Action="http://ws.soap.assignment3.introsde/People/readPersonRequest" message="tns:readPerson"/>
<output wsam:Action="http://ws.soap.assignment3.introsde/People/readPersonResponse" message="tns:readPersonResponse"/>
</operation>
<operation name="createPerson">
<input wsam:Action="http://ws.soap.assignment3.introsde/People/createPersonRequest" message="tns:createPerson"/>
<output wsam:Action="http://ws.soap.assignment3.introsde/People/createPersonResponse" message="tns:createPersonResponse"/>
</operation>
<operation name="readPersonList">
<input wsam:Action="http://ws.soap.assignment3.introsde/People/readPersonListRequest" message="tns:readPersonList"/>
<output wsam:Action="http://ws.soap.assignment3.introsde/People/readPersonListResponse" message="tns:readPersonListResponse"/>
</operation>
<operation name="readPreferences">
<input wsam:Action="http://ws.soap.assignment3.introsde/People/readPreferencesRequest" message="tns:readPreferences"/>
<output wsam:Action="http://ws.soap.assignment3.introsde/People/readPreferencesResponse" message="tns:readPreferencesResponse"/>
</operation>
<operation name="deletePerson">
<input wsam:Action="http://ws.soap.assignment3.introsde/People/deletePersonRequest" message="tns:deletePerson"/>
<output wsam:Action="http://ws.soap.assignment3.introsde/People/deletePersonResponse" message="tns:deletePersonResponse"/>
</operation>
<operation name="readPersonPreferences">
<input wsam:Action="http://ws.soap.assignment3.introsde/People/readPersonPreferencesRequest" message="tns:readPersonPreferences"/>
<output wsam:Action="http://ws.soap.assignment3.introsde/People/readPersonPreferencesResponse" message="tns:readPersonPreferencesResponse"/>
</operation>
<operation name="savePersonPreferences">
<input wsam:Action="http://ws.soap.assignment3.introsde/People/savePersonPreferencesRequest" message="tns:savePersonPreferences"/>
<output wsam:Action="http://ws.soap.assignment3.introsde/People/savePersonPreferencesResponse" message="tns:savePersonPreferencesResponse"/>
</operation>
<operation name="readPersonPreferences2">
<input wsam:Action="http://ws.soap.assignment3.introsde/People/readPersonPreferences2Request" message="tns:readPersonPreferences2"/>
<output wsam:Action="http://ws.soap.assignment3.introsde/People/readPersonPreferences2Response" message="tns:readPersonPreferences2Response"/>
</operation>
<operation name="evaluatePersonPreferences">
<input wsam:Action="http://ws.soap.assignment3.introsde/People/evaluatePersonPreferencesRequest" message="tns:evaluatePersonPreferences"/>
<output wsam:Action="http://ws.soap.assignment3.introsde/People/evaluatePersonPreferencesResponse" message="tns:evaluatePersonPreferencesResponse"/>
</operation>
<operation name="updatePersonPreferences">
<input wsam:Action="http://ws.soap.assignment3.introsde/People/updatePersonPreferencesRequest" message="tns:updatePersonPreferences"/>
<output wsam:Action="http://ws.soap.assignment3.introsde/People/updatePersonPreferencesResponse" message="tns:updatePersonPreferencesResponse"/>
</operation>
<operation name="getBestPersonPreferences">
<input wsam:Action="http://ws.soap.assignment3.introsde/People/getBestPersonPreferencesRequest" message="tns:getBestPersonPreferences"/>
<output wsam:Action="http://ws.soap.assignment3.introsde/People/getBestPersonPreferencesResponse" message="tns:getBestPersonPreferencesResponse"/>
</operation>
</portType>
<binding name="PeopleImplPortBinding" type="tns:People">
<soap:binding transport="http://schemas.xmlsoap.org/soap/http" style="document"/>
<operation name="updatePerson">
<soap:operation soapAction=""/>
<input>
<soap:body use="literal"/>
</input>
<output>
<soap:body use="literal"/>
</output>
</operation>
<operation name="readPerson">
<soap:operation soapAction=""/>
<input>
<soap:body use="literal"/>
</input>
<output>
<soap:body use="literal"/>
</output>
</operation>
<operation name="createPerson">
<soap:operation soapAction=""/>
<input>
<soap:body use="literal"/>
</input>
<output>
<soap:body use="literal"/>
</output>
</operation>
<operation name="readPersonList">
<soap:operation soapAction=""/>
<input>
<soap:body use="literal"/>
</input>
<output>
<soap:body use="literal"/>
</output>
</operation>
<operation name="readPreferences">
<soap:operation soapAction=""/>
<input>
<soap:body use="literal"/>
</input>
<output>
<soap:body use="literal"/>
</output>
</operation>
<operation name="deletePerson">
<soap:operation soapAction=""/>
<input>
<soap:body use="literal"/>
</input>
<output>
<soap:body use="literal"/>
</output>
</operation>
<operation name="readPersonPreferences">
<soap:operation soapAction=""/>
<input>
<soap:body use="literal"/>
</input>
<output>
<soap:body use="literal"/>
</output>
</operation>
<operation name="savePersonPreferences">
<soap:operation soapAction=""/>
<input>
<soap:body use="literal"/>
</input>
<output>
<soap:body use="literal"/>
</output>
</operation>
<operation name="readPersonPreferences2">
<soap:operation soapAction=""/>
<input>
<soap:body use="literal"/>
</input>
<output>
<soap:body use="literal"/>
</output>
</operation>
<operation name="evaluatePersonPreferences">
<soap:operation soapAction=""/>
<input>
<soap:body use="literal"/>
</input>
<output>
<soap:body use="literal"/>
</output>
</operation>
<operation name="updatePersonPreferences">
<soap:operation soapAction=""/>
<input>
<soap:body use="literal"/>
</input>
<output>
<soap:body use="literal"/>
</output>
</operation>
<operation name="getBestPersonPreferences">
<soap:operation soapAction=""/>
<input>
<soap:body use="literal"/>
</input>
<output>
<soap:body use="literal"/>
</output>
</operation>
</binding>
<service name="PeopleService">
<port name="PeopleImplPort" binding="tns:PeopleImplPortBinding">
<soap:address location="http://localhost:6902/ws/people"/>
</port>
</service>
</definitions>

Method #1: readPersonList() => List<Person>
Parameters: ---
Response: 

PERSON
Id: 1
Firstname: Mattia
Lastname: Buffa
Birthdate: 24-02-1992
	ACTIVITY
	Id: 1
	Name: Play PUBG
	Description: Play PUBG Squadd FPP
	Place: Home
	Rating: 4
	Startdate: 15-11-2017 21:30:00.0
	Activity type: Game


PERSON
Id: 2
Firstname: Linda Marilena
Lastname: Bertolli
Birthdate: 28-01-1994
	ACTIVITY
	Id: 2
	Name: Thesis
	Description: Explain thesis
	Place: Unitn
	Rating: 3
	Startdate: 20-11-2017 09:00:00.0
	Activity type: School


PERSON
Id: 3
Firstname: Denis
Lastname: Gallo
Birthdate: 08-04-1993
	ACTIVITY
	Id: 3
	Name: Watch Stream
	Description: Watch Buffin4576' stream
	Place: Home
	Rating: 2
	Startdate: 15-11-2017 21:30:00.0
	Activity type: Media


PERSON
Id: 4
Firstname: Davide
Lastname: Buffa
Birthdate: 24-02-1992
	ACTIVITY
	Id: 4
	Name: Facebook
	Description: Post things on Facebook
	Place: Home
	Rating: 1
	Startdate: 18-11-2017 21:30:00.0
	Activity type: Social


PERSON
Id: 5
Firstname: Luca
Lastname: Buffa
Birthdate: 24-02-1992
	ACTIVITY
	Id: 5
	Name: Ruuning
	Description: 400m run
	Place: Stadium
	Rating: 1
	Startdate: 22-11-2017 11:00:00.0
	Activity type: Sport


Method #2: readPerson(Long id) => Person
Parameters: id=1
Response: 

PERSON
Id: 1
Firstname: Mattia
Lastname: Buffa
Birthdate: 24-02-1992
	ACTIVITY
	Id: 1
	Name: Play PUBG
	Description: Play PUBG Squadd FPP
	Place: Home
	Rating: 4
	Startdate: 15-11-2017 21:30:00.0
	Activity type: Game


Method #3: updatePerson(Person p) => Person
Parameters: <?xml version="1.0" encoding="UTF-8" standalone="yes"?><ns2:local id="4" xmlns:ns2="uri"><lastname>Rossi</lastname></ns2:local>
Response: 

PERSON
Id: 4
Firstname: Davide
Lastname: Rossi
Birthdate: 24-02-1992
	ACTIVITY
	Id: 4
	Name: Facebook
	Description: Post things on Facebook
	Place: Home
	Rating: 1
	Startdate: 18-11-2017 21:30:00.0
	Activity type: Social


Method #5: deletePerson(Long id)
Parameters: id=6
Response: 

DELETED?

Method #6: readPersonPreferences(Long id, String activity_type) => List<Activity>
Parameters: id=1, activity_type="Game"
Response: 

ACTIVITY
Id: 1
Name: Play PUBG
Description: Play PUBG Squadd FPP
Place: Home
Rating: 4
Startdate: 15-11-2017 21:30:00.0
Activity type: Game


Method #7: readPreferences() => List<Activity>
Parameters: ---
Response: 

ACTIVITY
Id: 1
Name: Play PUBG
Description: Play PUBG Squadd FPP
Place: Home
Rating: 4
Startdate: 15-11-2017 21:30:00.0
Activity type: Game

ACTIVITY
Id: 2
Name: Thesis
Description: Explain thesis
Place: Unitn
Rating: 3
Startdate: 20-11-2017 09:00:00.0
Activity type: School

ACTIVITY
Id: 3
Name: Watch Stream
Description: Watch Buffin4576' stream
Place: Home
Rating: 2
Startdate: 15-11-2017 21:30:00.0
Activity type: Media

ACTIVITY
Id: 4
Name: Facebook
Description: Post things on Facebook
Place: Home
Rating: 1
Startdate: 18-11-2017 21:30:00.0
Activity type: Social

ACTIVITY
Id: 5
Name: Ruuning
Description: 400m run
Place: Stadium
Rating: 1
Startdate: 22-11-2017 11:00:00.0
Activity type: Sport

Method #8: readPersonPreferences(Long id, Long activity_id) => Activity
Parameters: id=1, activity_id=1
Response: 

ACTIVITY
Id: 1
Name: Play PUBG
Description: Play PUBG Squadd FPP
Place: Home
Rating: 4
Startdate: 15-11-2017 21:30:00.0
Activity type: Game


Method #9: savePersonPreferences(Long id, Activity activity)
Parameters: id=1, <?xml version="1.0" encoding="UTF-8" standalone="yes"?><ns2:local xmlns:ns2="uri"><name>Assignment3 developement</name><description>Assignment3 SOAP client developement</description><startdate>07-12-2017 01:30:00.0</startdate><place>Home</place><activity_type><name>Programming</name></activity_type><rating>5</rating></ns2:local>
Response: 

CREATED?

Method #10: updatePersonPreferences(Long id, Activity activity) => Activity
Parameters: id=1, <?xml version="1.0" encoding="UTF-8" standalone="yes"?><ns2:local id="6" xmlns:ns2="uri"><name>Assignment3 developement</name><description>Assignment3 SOAP server developement</description><startdate>07-12-2017 00:30:00.0</startdate><place>Home</place><activity_type><name>Programming</name></activity_type><rating>4</rating></ns2:local>
Response: 

ACTIVITY
Id: 6
Name: Assignment3 developement
Description: Assignment3 SOAP server developement
Place: Home
Rating: 4
Startdate: 07-12-2017 00:30:00.0
Activity type: Programming


Method #11 (Extra): evaluatePersonPreferences(Long id, Activity activity, int value) => Activity
Parameters: id=1, value=5, <?xml version="1.0" encoding="UTF-8" standalone="yes"?><ns2:local id="6" xmlns:ns2="uri"><rating>0</rating></ns2:local>
Response: 

ACTIVITY
Id: 6
Name: Assignment3 developement
Description: Assignment3 SOAP server developement
Place: Home
Rating: 5
Startdate: 07-12-2017 00:30:00.0
Activity type: Programming


Method #12 (Extra): getBestPersonPreference(Long id) => List<Activity>
Parameters: id=1
Response: 

ACTIVITY
Id: 6
Name: Assignment3 developement
Description: Assignment3 SOAP server developement
Place: Home
Rating: 5
Startdate: 07-12-2017 00:30:00.0
Activity type: Programming


